# JRE version: OpenJDK Runtime Environment (8.0_202-b03) (build 1.8.0_202-release-1483-b03)
# Java VM: OpenJDK 64-Bit Server VM (25.202-b03 mixed mode windows-amd64 compressed oops)
Heap:
 PSYoungGen      total 408576K, used 136382K [0x00000000e0000000, 0x0000000100000000, 0x0000000100000000)
  eden space 310784K, 29% used [0x00000000e0000000,0x00000000e58535a8,0x00000000f2f80000)
  from space 97792K, 46% used [0x00000000f2f80000,0x00000000f5c5c350,0x00000000f8f00000)
  to   space 94208K, 0% used [0x00000000fa400000,0x00000000fa400000,0x0000000100000000)
 ParOldGen       total 268288K, used 127540K [0x00000000a0000000, 0x00000000b0600000, 0x00000000e0000000)
  object space 268288K, 47% used [0x00000000a0000000,0x00000000a7c8d0b0,0x00000000b0600000)
 Metaspace       used 96848K, capacity 101454K, committed 101720K, reserved 1138688K
  class space    used 12264K, capacity 13111K, committed 13184K, reserved 1048576K
GC Heap History (10 events):
Event: 6271.556 GC heap before
{Heap before GC invocations=27 (full 4):
 PSYoungGen      total 309760K, used 261120K [0x00000000e0000000, 0x00000000fb800000, 0x0000000100000000)
  eden space 261120K, 100% used [0x00000000e0000000,0x00000000eff00000,0x00000000eff00000)
  from space 48640K, 0% used [0x00000000f3f00000,0x00000000f3f00000,0x00000000f6e80000)
  to   space 65536K, 0% used [0x00000000eff00000,0x00000000eff00000,0x00000000f3f00000)
 ParOldGen       total 268288K, used 106033K [0x00000000a0000000, 0x00000000b0600000, 0x00000000e0000000)
  object space 268288K, 39% used [0x00000000a0000000,0x00000000a678c5b8,0x00000000b0600000)
 Metaspace       used 92490K, capacity 97052K, committed 98136K, reserved 1134592K
  class space    used 11885K, capacity 12700K, committed 12928K, reserved 1048576K
Event: 6271.589 GC heap after
Heap after GC invocations=27 (full 4):
 PSYoungGen      total 326656K, used 20011K [0x00000000e0000000, 0x00000000fa100000, 0x0000000100000000)
  eden space 261120K, 0% used [0x00000000e0000000,0x00000000e0000000,0x00000000eff00000)
  from space 65536K, 30% used [0x00000000eff00000,0x00000000f128ae48,0x00000000f3f00000)
  to   space 63488K, 0% used [0x00000000f6300000,0x00000000f6300000,0x00000000fa100000)
 ParOldGen       total 268288K, used 106033K [0x00000000a0000000, 0x00000000b0600000, 0x00000000e0000000)
  object space 268288K, 39% used [0x00000000a0000000,0x00000000a678c5b8,0x00000000b0600000)
 Metaspace       used 92490K, capacity 97052K, committed 98136K, reserved 1134592K
  class space    used 11885K, capacity 12700K, committed 12928K, reserved 1048576K
}
Event: 6275.591 GC heap before
{Heap before GC invocations=28 (full 4):
 PSYoungGen      total 326656K, used 281131K [0x00000000e0000000, 0x00000000fa100000, 0x0000000100000000)
  eden space 261120K, 100% used [0x00000000e0000000,0x00000000eff00000,0x00000000eff00000)
  from space 65536K, 30% used [0x00000000eff00000,0x00000000f128ae48,0x00000000f3f00000)
  to   space 63488K, 0% used [0x00000000f6300000,0x00000000f6300000,0x00000000fa100000)
 ParOldGen       total 268288K, used 106033K [0x00000000a0000000, 0x00000000b0600000, 0x00000000e0000000)
  object space 268288K, 39% used [0x00000000a0000000,0x00000000a678c5b8,0x00000000b0600000)
 Metaspace       used 92548K, capacity 97120K, committed 98136K, reserved 1134592K
  class space    used 11885K, capacity 12700K, committed 12928K, reserved 1048576K
Event: 6275.690 GC heap after
Heap after GC invocations=28 (full 4):
 PSYoungGen      total 346112K, used 63484K [0x00000000e0000000, 0x00000000fcd00000, 0x0000000100000000)
  eden space 282624K, 0% used [0x00000000e0000000,0x00000000e0000000,0x00000000f1400000)
  from space 63488K, 99% used [0x00000000f6300000,0x00000000fa0ff108,0x00000000fa100000)
  to   space 80896K, 0% used [0x00000000f1400000,0x00000000f1400000,0x00000000f6300000)
 ParOldGen       total 268288K, used 127516K [0x00000000a0000000, 0x00000000b0600000, 0x00000000e0000000)
  object space 268288K, 47% used [0x00000000a0000000,0x00000000a7c870b0,0x00000000b0600000)
 Metaspace       used 92548K, capacity 97120K, committed 98136K, reserved 1134592K
  class space    used 11885K, capacity 12700K, committed 12928K, reserved 1048576K
}
Event: 6421.791 GC heap before
{Heap before GC invocations=29 (full 4):
 PSYoungGen      total 346112K, used 346108K [0x00000000e0000000, 0x00000000fcd00000, 0x0000000100000000)
  eden space 282624K, 100% used [0x00000000e0000000,0x00000000f1400000,0x00000000f1400000)
  from space 63488K, 99% used [0x00000000f6300000,0x00000000fa0ff108,0x00000000fa100000)
  to   space 80896K, 0% used [0x00000000f1400000,0x00000000f1400000,0x00000000f6300000)
 ParOldGen       total 268288K, used 127516K [0x00000000a0000000, 0x00000000b0600000, 0x00000000e0000000)
  object space 268288K, 47% used [0x00000000a0000000,0x00000000a7c870b0,0x00000000b0600000)
 Metaspace       used 94061K, capacity 98668K, committed 99160K, reserved 1136640K
  class space    used 12008K, capacity 12826K, committed 12928K, reserved 1048576K
Event: 6422.231 GC heap after
Heap after GC invocations=29 (full 4):
 PSYoungGen      total 363520K, used 72257K [0x00000000e0000000, 0x00000000fe780000, 0x0000000100000000)
  eden space 282624K, 0% used [0x00000000e0000000,0x00000000e0000000,0x00000000f1400000)
  from space 80896K, 89% used [0x00000000f1400000,0x00000000f5a90670,0x00000000f6300000)
  to   space 90624K, 0% used [0x00000000f8f00000,0x00000000f8f00000,0x00000000fe780000)
 ParOldGen       total 268288K, used 127524K [0x00000000a0000000, 0x00000000b0600000, 0x00000000e0000000)
  object space 268288K, 47% used [0x00000000a0000000,0x00000000a7c890b0,0x00000000b0600000)
 Metaspace       used 94061K, capacity 98668K, committed 99160K, reserved 1136640K
  class space    used 12008K, capacity 12826K, committed 12928K, reserved 1048576K
}
Event: 6466.177 GC heap before
{Heap before GC invocations=30 (full 4):
 PSYoungGen      total 363520K, used 354881K [0x00000000e0000000, 0x00000000fe780000, 0x0000000100000000)
  eden space 282624K, 100% used [0x00000000e0000000,0x00000000f1400000,0x00000000f1400000)
  from space 80896K, 89% used [0x00000000f1400000,0x00000000f5a90670,0x00000000f6300000)
  to   space 90624K, 0% used [0x00000000f8f00000,0x00000000f8f00000,0x00000000fe780000)
 ParOldGen       total 268288K, used 127524K [0x00000000a0000000, 0x00000000b0600000, 0x00000000e0000000)
  object space 268288K, 47% used [0x00000000a0000000,0x00000000a7c890b0,0x00000000b0600000)
 Metaspace       used 96692K, capacity 101362K, committed 101720K, reserved 1138688K
  class space    used 12260K, capacity 13107K, committed 13184K, reserved 1048576K
Event: 6466.301 GC heap after
Heap after GC invocations=30 (full 4):
 PSYoungGen      total 401408K, used 71431K [0x00000000e0000000, 0x00000000ff200000, 0x0000000100000000)
  eden space 310784K, 0% used [0x00000000e0000000,0x00000000e0000000,0x00000000f2f80000)
  from space 90624K, 78% used [0x00000000f8f00000,0x00000000fd4c1c20,0x00000000fe780000)
  to   space 97792K, 0% used [0x00000000f2f80000,0x00000000f2f80000,0x00000000f8f00000)
 ParOldGen       total 268288K, used 127532K [0x00000000a0000000, 0x00000000b0600000, 0x00000000e0000000)
  object space 268288K, 47% used [0x00000000a0000000,0x00000000a7c8b0b0,0x00000000b0600000)
 Metaspace       used 96692K, capacity 101362K, committed 101720K, reserved 1138688K
  class space    used 12260K, capacity 13107K, committed 13184K, reserved 1048576K
}
Event: 7911.287 GC heap before
{Heap before GC invocations=31 (full 4):
 PSYoungGen      total 401408K, used 382215K [0x00000000e0000000, 0x00000000ff200000, 0x0000000100000000)
  eden space 310784K, 100% used [0x00000000e0000000,0x00000000f2f80000,0x00000000f2f80000)
  from space 90624K, 78% used [0x00000000f8f00000,0x00000000fd4c1c20,0x00000000fe780000)
  to   space 97792K, 0% used [0x00000000f2f80000,0x00000000f2f80000,0x00000000f8f00000)
 ParOldGen       total 268288K, used 127532K [0x00000000a0000000, 0x00000000b0600000, 0x00000000e0000000)
  object space 268288K, 47% used [0x00000000a0000000,0x00000000a7c8b0b0,0x00000000b0600000)
 Metaspace       used 96796K, capacity 101454K, committed 101720K, reserved 1138688K
  class space    used 12264K, capacity 13111K, committed 13184K, reserved 1048576K
Event: 7912.810 GC heap after
Heap after GC invocations=31 (full 4):
 PSYoungGen      total 408576K, used 45936K [0x00000000e0000000, 0x0000000100000000, 0x0000000100000000)
  eden space 310784K, 0% used [0x00000000e0000000,0x00000000e0000000,0x00000000f2f80000)
  from space 97792K, 46% used [0x00000000f2f80000,0x00000000f5c5c350,0x00000000f8f00000)
  to   space 94208K, 0% used [0x00000000fa400000,0x00000000fa400000,0x0000000100000000)
 ParOldGen       total 268288K, used 127540K [0x00000000a0000000, 0x00000000b0600000, 0x00000000e0000000)
  object space 268288K, 47% used [0x00000000a0000000,0x00000000a7c8d0b0,0x00000000b0600000)
 Metaspace       used 96796K, capacity 101454K, committed 101720K, reserved 1138688K
  class space    used 12264K, capacity 13111K, committed 13184K, reserved 1048576K
}

